[1218/194312.844:ERROR:process_info.cc(329)] VirtualQueryEx: 存取被拒。 (0x5)
[1218/194312.875:ERROR:process_info.cc(550)] ReadMemoryInfo failed
[1218/194312.844:ERROR:scoped_process_suspend.cc(31)] NtSuspendProcess: 嘗試存取現有的處理程序。 (0xc000010a)
[1218/194312.875:ERROR:process_reader_win.cc(123)] NtOpenThread: {拒絕存取} 程序已請求存取一物件，但未被授與存取權。 (0xc0000022)
[1218/194312.875:ERROR:exception_snapshot_win.cc(88)] thread ID 3428 not found in process
[1218/194312.875:ERROR:scoped_process_suspend.cc(40)] NtResumeProcess: 嘗試存取現有的處理程序。 (0xc000010a)
[1218/194312.891:ERROR:process_info.cc(329)] VirtualQueryEx: 存取被拒。 (0x5)
[1218/194312.891:ERROR:process_info.cc(550)] ReadMemoryInfo failed
[1218/194312.891:ERROR:process_reader_win.cc(123)] NtOpenThread: {拒絕存取} 程序已請求存取一物件，但未被授與存取權。 (0xc0000022)
[1218/194312.891:ERROR:exception_snapshot_win.cc(88)] thread ID 5580 not found in process
[1218/194312.891:ERROR:scoped_process_suspend.cc(40)] NtResumeProcess: 嘗試存取現有的處理程序。 (0xc000010a)
[1218/194312.922:ERROR:process_info.cc(329)] VirtualQueryEx: 存取被拒。 (0x5)
[1218/194312.922:ERROR:process_info.cc(550)] ReadMemoryInfo failed
[1218/194312.938:ERROR:process_reader_win.cc(123)] NtOpenThread: {拒絕存取} 程序已請求存取一物件，但未被授與存取權。 (0xc0000022)
[1218/194312.938:ERROR:exception_snapshot_win.cc(88)] thread ID 10100 not found in process
[1218/194312.938:ERROR:process_info.cc(329)] VirtualQueryEx: 存取被拒。 (0x5)
[1218/194312.938:ERROR:process_info.cc(550)] ReadMemoryInfo failed
[1218/194312.938:ERROR:process_reader_win.cc(123)] NtOpenThread: {拒絕存取} 程序已請求存取一物件，但未被授與存取權。 (0xc0000022)
[1218/194312.938:ERROR:exception_snapshot_win.cc(88)] thread ID 11084 not found in process
[1218/194312.938:ERROR:scoped_process_suspend.cc(40)] NtResumeProcess: 嘗試存取現有的處理程序。 (0xc000010a)
[1218/194313.016:ERROR:process_reader_win.cc(151)] SuspendThread: 存取被拒。 (0x5)
[1218/194313.016:ERROR:exception_snapshot_win.cc(88)] thread ID 11824 not found in process
